<?xml version="1.0" encoding="UTF-8"?>
<coverage generated="1786179785809" clover="3.2.0">
  <project timestamp="1786179785809" name="All files">
    <metrics statements="77" coveredstatements="76" conditionals="45" coveredconditionals="44" methods="19" coveredmethods="18" elements="141" coveredelements="138" complexity="0" loc="77" ncloc="77" packages="1" files="3" classes="3"/>
    <file name="authMiddleware.js" path="C:\Users\LENOVO\OneDrive\Documents\Default Project\FinalProject_ASTQA_Kelompok7\03_Test_Scripts_and_Automation\unit_and_integration_tests\src\authMiddleware.js">
      <metrics statements="27" coveredstatements="27" conditionals="23" coveredconditionals="23" methods="7" coveredmethods="7"/>
      <line num="7" count="2" type="stmt"/>
      <line num="9" count="2" type="cond" truecount="2" falsecount="0"/>
      <line num="11" count="2" type="stmt"/>
      <line num="12" count="8" type="stmt"/>
      <line num="18" count="8" type="stmt"/>
      <line num="19" count="8" type="stmt"/>
      <line num="20" count="8" type="stmt"/>
      <line num="21" count="8" type="cond" truecount="2" falsecount="0"/>
      <line num="23" count="8" type="cond" truecount="2" falsecount="0"/>
      <line num="25" count="7" type="stmt"/>
      <line num="26" count="4" type="stmt"/>
      <line num="31" count="4" type="cond" truecount="4" falsecount="0"/>
      <line num="33" count="2" type="stmt"/>
      <line num="34" count="2" type="stmt"/>
      <line num="36" count="3" type="cond" truecount="2" falsecount="0"/>
      <line num="37" count="2" type="stmt"/>
      <line num="44" count="8" type="stmt"/>
      <line num="45" count="8" type="cond" truecount="2" falsecount="0"/>
      <line num="46" count="7" type="cond" truecount="2" falsecount="0"/>
      <line num="47" count="1" type="stmt"/>
      <line num="49" count="6" type="stmt"/>
      <line num="55" count="2" type="stmt"/>
      <line num="56" count="23" type="stmt"/>
      <line num="61" count="2" type="stmt"/>
      <line num="62" count="18" type="cond" truecount="4" falsecount="0"/>
      <line num="63" count="16" type="cond" truecount="3" falsecount="0"/>
      <line num="66" count="2" type="stmt"/>
    </file>
    <file name="authService.js" path="C:\Users\LENOVO\OneDrive\Documents\Default Project\FinalProject_ASTQA_Kelompok7\03_Test_Scripts_and_Automation\unit_and_integration_tests\src\authService.js">
      <metrics statements="41" coveredstatements="40" conditionals="14" coveredconditionals="14" methods="9" coveredmethods="8"/>
      <line num="8" count="2" type="stmt"/>
      <line num="9" count="2" type="stmt"/>
      <line num="11" count="2" type="cond" truecount="2" falsecount="0"/>
      <line num="12" count="2" type="cond" truecount="2" falsecount="0"/>
      <line num="17" count="2" type="stmt"/>
      <line num="18" count="10" type="stmt"/>
      <line num="23" count="10" type="stmt"/>
      <line num="28" count="10" type="stmt"/>
      <line num="34" count="2" type="stmt"/>
      <line num="35" count="0" type="stmt"/>
      <line num="41" count="2" type="stmt"/>
      <line num="42" count="5" type="stmt"/>
      <line num="48" count="2" type="stmt"/>
      <line num="49" count="2" type="stmt"/>
      <line num="55" count="2" type="stmt"/>
      <line num="56" count="5" type="stmt"/>
      <line num="57" count="5" type="stmt"/>
      <line num="63" count="2" type="stmt"/>
      <line num="64" count="5" type="cond" truecount="4" falsecount="0"/>
      <line num="65" count="2" type="stmt"/>
      <line num="71" count="2" type="stmt"/>
      <line num="72" count="7" type="stmt"/>
      <line num="80" count="7" type="cond" truecount="2" falsecount="0"/>
      <line num="82" count="5" type="stmt"/>
      <line num="83" count="5" type="cond" truecount="2" falsecount="0"/>
      <line num="85" count="4" type="stmt"/>
      <line num="87" count="4" type="stmt"/>
      <line num="88" count="4" type="stmt"/>
      <line num="90" count="4" type="stmt"/>
      <line num="91" count="4" type="stmt"/>
      <line num="93" count="4" type="stmt"/>
      <line num="94" count="4" type="stmt"/>
      <line num="100" count="2" type="stmt"/>
      <line num="101" count="2" type="stmt"/>
      <line num="107" count="2" type="stmt"/>
      <line num="108" count="4" type="stmt"/>
      <line num="109" count="4" type="stmt"/>
      <line num="110" count="4" type="cond" truecount="2" falsecount="0"/>
      <line num="111" count="2" type="stmt"/>
      <line num="112" count="2" type="stmt"/>
      <line num="115" count="2" type="stmt"/>
    </file>
    <file name="response.js" path="C:\Users\LENOVO\OneDrive\Documents\Default Project\FinalProject_ASTQA_Kelompok7\03_Test_Scripts_and_Automation\unit_and_integration_tests\src\response.js">
      <metrics statements="9" coveredstatements="9" conditionals="8" coveredconditionals="7" methods="3" coveredmethods="3"/>
      <line num="7" count="2" type="cond" truecount="2" falsecount="0"/>
      <line num="8" count="4" type="stmt"/>
      <line num="16" count="2" type="cond" truecount="2" falsecount="1"/>
      <line num="17" count="7" type="stmt"/>
      <line num="22" count="7" type="cond" truecount="2" falsecount="0"/>
      <line num="23" count="7" type="stmt"/>
      <line num="26" count="2" type="cond" truecount="1" falsecount="0"/>
      <line num="27" count="7" type="stmt"/>
      <line num="41" count="2" type="stmt"/>
    </file>
  </project>
</coverage>
