{"C:\\Users\\LENOVO\\OneDrive\\Documents\\Default Project\\FinalProject_ASTQA_Kelompok7\\03_Test_Scripts_and_Automation\\unit_and_integration_tests\\src\\authMiddleware.js": {"path":"C:\\Users\\LENOVO\\OneDrive\\Documents\\Default Project\\FinalProject_ASTQA_Kelompok7\\03_Test_Scripts_and_Automation\\unit_and_integration_tests\\src\\authMiddleware.js","statementMap":{"0":{"start":{"line":7,"column":12},"end":{"line":7,"column":35}},"1":{"start":{"line":9,"column":19},"end":{"line":9,"column":78}},"2":{"start":{"line":11,"column":22},"end":{"line":13,"column":1}},"3":{"start":{"line":12,"column":2},"end":{"line":12,"column":103}},"4":{"start":{"line":18,"column":21},"end":{"line":39,"column":1}},"5":{"start":{"line":18,"column":33},"end":{"line":39,"column":1}},"6":{"start":{"line":19,"column":2},"end":{"line":38,"column":3}},"7":{"start":{"line":20,"column":23},"end":{"line":20,"column":51}},"8":{"start":{"line":21,"column":18},"end":{"line":21,"column":56}},"9":{"start":{"line":23,"column":4},"end":{"line":23,"column":72}},"10":{"start":{"line":23,"column":16},"end":{"line":23,"column":72}},"11":{"start":{"line":25,"column":20},"end":{"line":25,"column":49}},"12":{"start":{"line":26,"column":17},"end":{"line":29,"column":6}},"13":{"start":{"line":31,"column":4},"end":{"line":31,"column":105}},"14":{"start":{"line":31,"column":33},"end":{"line":31,"column":105}},"15":{"start":{"line":33,"column":4},"end":{"line":33,"column":20}},"16":{"start":{"line":34,"column":4},"end":{"line":34,"column":11}},"17":{"start":{"line":36,"column":4},"end":{"line":36,"column":99}},"18":{"start":{"line":36,"column":42},"end":{"line":36,"column":99}},"19":{"start":{"line":37,"column":4},"end":{"line":37,"column":56}},"20":{"start":{"line":44,"column":18},"end":{"line":50,"column":1}},"21":{"start":{"line":44,"column":32},"end":{"line":50,"column":1}},"22":{"start":{"line":45,"column":2},"end":{"line":45,"column":64}},"23":{"start":{"line":45,"column":17},"end":{"line":45,"column":64}},"24":{"start":{"line":46,"column":2},"end":{"line":48,"column":3}},"25":{"start":{"line":47,"column":4},"end":{"line":47,"column":77}},"26":{"start":{"line":49,"column":2},"end":{"line":49,"column":9}},"27":{"start":{"line":55,"column":32},"end":{"line":55,"column":67}},"28":{"start":{"line":56,"column":33},"end":{"line":56,"column":85}},"29":{"start":{"line":56,"column":45},"end":{"line":56,"column":85}},"30":{"start":{"line":61,"column":22},"end":{"line":64,"column":1}},"31":{"start":{"line":62,"column":2},"end":{"line":62,"column":57}},"32":{"start":{"line":62,"column":45},"end":{"line":62,"column":57}},"33":{"start":{"line":63,"column":2},"end":{"line":63,"column":65}},"34":{"start":{"line":66,"column":0},"end":{"line":66,"column":86}}},"fnMap":{"0":{"name":"(anonymous_0)","decl":{"start":{"line":11,"column":22},"end":{"line":11,"column":23}},"loc":{"start":{"line":11,"column":52},"end":{"line":13,"column":1}},"line":11},"1":{"name":"(anonymous_1)","decl":{"start":{"line":18,"column":21},"end":{"line":18,"column":22}},"loc":{"start":{"line":18,"column":33},"end":{"line":39,"column":1}},"line":18},"2":{"name":"(anonymous_2)","decl":{"start":{"line":18,"column":33},"end":{"line":18,"column":34}},"loc":{"start":{"line":18,"column":59},"end":{"line":39,"column":1}},"line":18},"3":{"name":"(anonymous_3)","decl":{"start":{"line":44,"column":18},"end":{"line":44,"column":19}},"loc":{"start":{"line":44,"column":32},"end":{"line":50,"column":1}},"line":44},"4":{"name":"(anonymous_4)","decl":{"start":{"line":44,"column":32},"end":{"line":44,"column":33}},"loc":{"start":{"line":44,"column":52},"end":{"line":50,"column":1}},"line":44},"5":{"name":"(anonymous_5)","decl":{"start":{"line":56,"column":33},"end":{"line":56,"column":34}},"loc":{"start":{"line":56,"column":45},"end":{"line":56,"column":85}},"line":56},"6":{"name":"(anonymous_6)","decl":{"start":{"line":61,"column":22},"end":{"line":61,"column":23}},"loc":{"start":{"line":61,"column":33},"end":{"line":64,"column":1}},"line":61}},"branchMap":{"0":{"loc":{"start":{"line":9,"column":19},"end":{"line":9,"column":78}},"type":"binary-expr","locations":[{"start":{"line":9,"column":19},"end":{"line":9,"column":41}},{"start":{"line":9,"column":45},"end":{"line":9,"column":78}}],"line":9},"1":{"loc":{"start":{"line":21,"column":18},"end":{"line":21,"column":56}},"type":"binary-expr","locations":[{"start":{"line":21,"column":18},"end":{"line":21,"column":28}},{"start":{"line":21,"column":32},"end":{"line":21,"column":56}}],"line":21},"2":{"loc":{"start":{"line":23,"column":4},"end":{"line":23,"column":72}},"type":"if","locations":[{"start":{"line":23,"column":4},"end":{"line":23,"column":72}},{"start":{},"end":{}}],"line":23},"3":{"loc":{"start":{"line":31,"column":4},"end":{"line":31,"column":105}},"type":"if","locations":[{"start":{"line":31,"column":4},"end":{"line":31,"column":105}},{"start":{},"end":{}}],"line":31},"4":{"loc":{"start":{"line":31,"column":8},"end":{"line":31,"column":31}},"type":"binary-expr","locations":[{"start":{"line":31,"column":8},"end":{"line":31,"column":13}},{"start":{"line":31,"column":17},"end":{"line":31,"column":31}}],"line":31},"5":{"loc":{"start":{"line":36,"column":4},"end":{"line":36,"column":99}},"type":"if","locations":[{"start":{"line":36,"column":4},"end":{"line":36,"column":99}},{"start":{},"end":{}}],"line":36},"6":{"loc":{"start":{"line":45,"column":2},"end":{"line":45,"column":64}},"type":"if","locations":[{"start":{"line":45,"column":2},"end":{"line":45,"column":64}},{"start":{},"end":{}}],"line":45},"7":{"loc":{"start":{"line":46,"column":2},"end":{"line":48,"column":3}},"type":"if","locations":[{"start":{"line":46,"column":2},"end":{"line":48,"column":3}},{"start":{},"end":{}}],"line":46},"8":{"loc":{"start":{"line":62,"column":2},"end":{"line":62,"column":57}},"type":"if","locations":[{"start":{"line":62,"column":2},"end":{"line":62,"column":57}},{"start":{},"end":{}}],"line":62},"9":{"loc":{"start":{"line":62,"column":6},"end":{"line":62,"column":43}},"type":"binary-expr","locations":[{"start":{"line":62,"column":6},"end":{"line":62,"column":20}},{"start":{"line":62,"column":24},"end":{"line":62,"column":43}}],"line":62},"10":{"loc":{"start":{"line":63,"column":9},"end":{"line":63,"column":64}},"type":"binary-expr","locations":[{"start":{"line":63,"column":9},"end":{"line":63,"column":34}},{"start":{"line":63,"column":38},"end":{"line":63,"column":48}},{"start":{"line":63,"column":52},"end":{"line":63,"column":64}}],"line":63}},"s":{"0":2,"1":2,"2":2,"3":8,"4":2,"5":8,"6":8,"7":8,"8":8,"9":8,"10":1,"11":7,"12":4,"13":4,"14":2,"15":2,"16":2,"17":3,"18":1,"19":2,"20":2,"21":8,"22":8,"23":1,"24":7,"25":1,"26":6,"27":2,"28":2,"29":23,"30":2,"31":18,"32":2,"33":16,"34":2},"f":{"0":8,"1":8,"2":8,"3":8,"4":8,"5":23,"6":18},"b":{"0":[2,2],"1":[8,7],"2":[1,7],"3":[2,2],"4":[4,3],"5":[1,2],"6":[1,7],"7":[1,6],"8":[2,16],"9":[18,17],"10":[16,16,13]},"_coverageSchema":"1a1c01bbd47fc00a2c39e90264f33305004495a9","hash":"3461420fc7642038341b484fc6eadc8883b3f205"}
,"C:\\Users\\LENOVO\\OneDrive\\Documents\\Default Project\\FinalProject_ASTQA_Kelompok7\\03_Test_Scripts_and_Automation\\unit_and_integration_tests\\src\\authService.js": {"path":"C:\\Users\\LENOVO\\OneDrive\\Documents\\Default Project\\FinalProject_ASTQA_Kelompok7\\03_Test_Scripts_and_Automation\\unit_and_integration_tests\\src\\authService.js","statementMap":{"0":{"start":{"line":8,"column":15},"end":{"line":8,"column":34}},"1":{"start":{"line":9,"column":12},"end":{"line":9,"column":35}},"2":{"start":{"line":11,"column":19},"end":{"line":11,"column":78}},"3":{"start":{"line":12,"column":27},"end":{"line":12,"column":92}},"4":{"start":{"line":17,"column":23},"end":{"line":29,"column":1}},"5":{"start":{"line":18,"column":22},"end":{"line":22,"column":3}},"6":{"start":{"line":23,"column":23},"end":{"line":27,"column":3}},"7":{"start":{"line":28,"column":2},"end":{"line":28,"column":39}},"8":{"start":{"line":34,"column":20},"end":{"line":36,"column":1}},"9":{"start":{"line":35,"column":2},"end":{"line":35,"column":39}},"10":{"start":{"line":41,"column":21},"end":{"line":43,"column":1}},"11":{"start":{"line":42,"column":2},"end":{"line":42,"column":40}},"12":{"start":{"line":48,"column":24},"end":{"line":50,"column":1}},"13":{"start":{"line":49,"column":2},"end":{"line":49,"column":55}},"14":{"start":{"line":55,"column":22},"end":{"line":58,"column":1}},"15":{"start":{"line":56,"column":21},"end":{"line":56,"column":49}},"16":{"start":{"line":57,"column":2},"end":{"line":57,"column":32}},"17":{"start":{"line":63,"column":33},"end":{"line":66,"column":1}},"18":{"start":{"line":64,"column":2},"end":{"line":64,"column":53}},"19":{"start":{"line":64,"column":40},"end":{"line":64,"column":53}},"20":{"start":{"line":65,"column":2},"end":{"line":65,"column":14}},"21":{"start":{"line":71,"column":14},"end":{"line":95,"column":1}},"22":{"start":{"line":72,"column":15},"end":{"line":78,"column":4}},"23":{"start":{"line":80,"column":2},"end":{"line":80,"column":76}},"24":{"start":{"line":80,"column":13},"end":{"line":80,"column":76}},"25":{"start":{"line":82,"column":16},"end":{"line":82,"column":61}},"26":{"start":{"line":83,"column":2},"end":{"line":83,"column":77}},"27":{"start":{"line":83,"column":14},"end":{"line":83,"column":77}},"28":{"start":{"line":85,"column":40},"end":{"line":85,"column":79}},"29":{"start":{"line":87,"column":20},"end":{"line":87,"column":30}},"30":{"start":{"line":88,"column":2},"end":{"line":88,"column":45}},"31":{"start":{"line":90,"column":2},"end":{"line":90,"column":88}},"32":{"start":{"line":91,"column":2},"end":{"line":91,"column":98}},"33":{"start":{"line":93,"column":39},"end":{"line":93,"column":43}},"34":{"start":{"line":94,"column":2},"end":{"line":94,"column":55}},"35":{"start":{"line":100,"column":15},"end":{"line":102,"column":1}},"36":{"start":{"line":101,"column":2},"end":{"line":101,"column":62}},"37":{"start":{"line":107,"column":23},"end":{"line":113,"column":1}},"38":{"start":{"line":108,"column":15},"end":{"line":108,"column":70}},"39":{"start":{"line":109,"column":16},"end":{"line":109,"column":64}},"40":{"start":{"line":110,"column":2},"end":{"line":110,"column":75}},"41":{"start":{"line":110,"column":14},"end":{"line":110,"column":75}},"42":{"start":{"line":111,"column":17},"end":{"line":111,"column":51}},"43":{"start":{"line":112,"column":2},"end":{"line":112,"column":82}},"44":{"start":{"line":115,"column":0},"end":{"line":125,"column":2}}},"fnMap":{"0":{"name":"(anonymous_0)","decl":{"start":{"line":17,"column":23},"end":{"line":17,"column":24}},"loc":{"start":{"line":17,"column":41},"end":{"line":29,"column":1}},"line":17},"1":{"name":"(anonymous_1)","decl":{"start":{"line":34,"column":20},"end":{"line":34,"column":21}},"loc":{"start":{"line":34,"column":31},"end":{"line":36,"column":1}},"line":34},"2":{"name":"(anonymous_2)","decl":{"start":{"line":41,"column":21},"end":{"line":41,"column":22}},"loc":{"start":{"line":41,"column":46},"end":{"line":43,"column":1}},"line":41},"3":{"name":"(anonymous_3)","decl":{"start":{"line":48,"column":24},"end":{"line":48,"column":25}},"loc":{"start":{"line":48,"column":65},"end":{"line":50,"column":1}},"line":48},"4":{"name":"(anonymous_4)","decl":{"start":{"line":55,"column":22},"end":{"line":55,"column":23}},"loc":{"start":{"line":55,"column":33},"end":{"line":58,"column":1}},"line":55},"5":{"name":"(anonymous_5)","decl":{"start":{"line":63,"column":33},"end":{"line":63,"column":34}},"loc":{"start":{"line":63,"column":47},"end":{"line":66,"column":1}},"line":63},"6":{"name":"(anonymous_6)","decl":{"start":{"line":71,"column":14},"end":{"line":71,"column":15}},"loc":{"start":{"line":71,"column":54},"end":{"line":95,"column":1}},"line":71},"7":{"name":"(anonymous_7)","decl":{"start":{"line":100,"column":15},"end":{"line":100,"column":16}},"loc":{"start":{"line":100,"column":41},"end":{"line":102,"column":1}},"line":100},"8":{"name":"(anonymous_8)","decl":{"start":{"line":107,"column":23},"end":{"line":107,"column":24}},"loc":{"start":{"line":107,"column":75},"end":{"line":113,"column":1}},"line":107}},"branchMap":{"0":{"loc":{"start":{"line":11,"column":19},"end":{"line":11,"column":78}},"type":"binary-expr","locations":[{"start":{"line":11,"column":19},"end":{"line":11,"column":41}},{"start":{"line":11,"column":45},"end":{"line":11,"column":78}}],"line":11},"1":{"loc":{"start":{"line":12,"column":27},"end":{"line":12,"column":92}},"type":"binary-expr","locations":[{"start":{"line":12,"column":27},"end":{"line":12,"column":57}},{"start":{"line":12,"column":61},"end":{"line":12,"column":92}}],"line":12},"2":{"loc":{"start":{"line":64,"column":2},"end":{"line":64,"column":53}},"type":"if","locations":[{"start":{"line":64,"column":2},"end":{"line":64,"column":53}},{"start":{},"end":{}}],"line":64},"3":{"loc":{"start":{"line":64,"column":6},"end":{"line":64,"column":38}},"type":"binary-expr","locations":[{"start":{"line":64,"column":6},"end":{"line":64,"column":15}},{"start":{"line":64,"column":19},"end":{"line":64,"column":38}}],"line":64},"4":{"loc":{"start":{"line":80,"column":2},"end":{"line":80,"column":76}},"type":"if","locations":[{"start":{"line":80,"column":2},"end":{"line":80,"column":76}},{"start":{},"end":{}}],"line":80},"5":{"loc":{"start":{"line":83,"column":2},"end":{"line":83,"column":77}},"type":"if","locations":[{"start":{"line":83,"column":2},"end":{"line":83,"column":77}},{"start":{},"end":{}}],"line":83},"6":{"loc":{"start":{"line":110,"column":2},"end":{"line":110,"column":75}},"type":"if","locations":[{"start":{"line":110,"column":2},"end":{"line":110,"column":75}},{"start":{},"end":{}}],"line":110}},"s":{"0":2,"1":2,"2":2,"3":2,"4":2,"5":10,"6":10,"7":10,"8":2,"9":0,"10":2,"11":5,"12":2,"13":2,"14":2,"15":5,"16":5,"17":2,"18":5,"19":3,"20":2,"21":2,"22":7,"23":7,"24":2,"25":5,"26":5,"27":1,"28":4,"29":4,"30":4,"31":4,"32":4,"33":4,"34":4,"35":2,"36":2,"37":2,"38":4,"39":4,"40":4,"41":2,"42":2,"43":2,"44":2},"f":{"0":10,"1":0,"2":5,"3":2,"4":5,"5":5,"6":7,"7":2,"8":4},"b":{"0":[2,2],"1":[2,2],"2":[3,2],"3":[5,3],"4":[2,5],"5":[1,4],"6":[2,2]},"_coverageSchema":"1a1c01bbd47fc00a2c39e90264f33305004495a9","hash":"1dc499d5b777699273ebd8a775cdcc99e048fd83"}
,"C:\\Users\\LENOVO\\OneDrive\\Documents\\Default Project\\FinalProject_ASTQA_Kelompok7\\03_Test_Scripts_and_Automation\\unit_and_integration_tests\\src\\response.js": {"path":"C:\\Users\\LENOVO\\OneDrive\\Documents\\Default Project\\FinalProject_ASTQA_Kelompok7\\03_Test_Scripts_and_Automation\\unit_and_integration_tests\\src\\response.js","statementMap":{"0":{"start":{"line":7,"column":24},"end":{"line":14,"column":1}},"1":{"start":{"line":8,"column":2},"end":{"line":13,"column":5}},"2":{"start":{"line":16,"column":22},"end":{"line":24,"column":1}},"3":{"start":{"line":17,"column":19},"end":{"line":21,"column":3}},"4":{"start":{"line":22,"column":2},"end":{"line":22,"column":39}},"5":{"start":{"line":22,"column":14},"end":{"line":22,"column":39}},"6":{"start":{"line":23,"column":2},"end":{"line":23,"column":47}},"7":{"start":{"line":26,"column":25},"end":{"line":39,"column":1}},"8":{"start":{"line":27,"column":2},"end":{"line":38,"column":5}},"9":{"start":{"line":41,"column":0},"end":{"line":41,"column":70}}},"fnMap":{"0":{"name":"(anonymous_0)","decl":{"start":{"line":7,"column":24},"end":{"line":7,"column":25}},"loc":{"start":{"line":7,"column":78},"end":{"line":14,"column":1}},"line":7},"1":{"name":"(anonymous_1)","decl":{"start":{"line":16,"column":22},"end":{"line":16,"column":23}},"loc":{"start":{"line":16,"column":99},"end":{"line":24,"column":1}},"line":16},"2":{"name":"(anonymous_2)","decl":{"start":{"line":26,"column":25},"end":{"line":26,"column":26}},"loc":{"start":{"line":26,"column":81},"end":{"line":39,"column":1}},"line":26}},"branchMap":{"0":{"loc":{"start":{"line":7,"column":36},"end":{"line":7,"column":55}},"type":"default-arg","locations":[{"start":{"line":7,"column":46},"end":{"line":7,"column":55}}],"line":7},"1":{"loc":{"start":{"line":7,"column":57},"end":{"line":7,"column":73}},"type":"default-arg","locations":[{"start":{"line":7,"column":70},"end":{"line":7,"column":73}}],"line":7},"2":{"loc":{"start":{"line":16,"column":28},"end":{"line":16,"column":61}},"type":"default-arg","locations":[{"start":{"line":16,"column":38},"end":{"line":16,"column":61}}],"line":16},"3":{"loc":{"start":{"line":16,"column":63},"end":{"line":16,"column":79}},"type":"default-arg","locations":[{"start":{"line":16,"column":76},"end":{"line":16,"column":79}}],"line":16},"4":{"loc":{"start":{"line":16,"column":81},"end":{"line":16,"column":94}},"type":"default-arg","locations":[{"start":{"line":16,"column":90},"end":{"line":16,"column":94}}],"line":16},"5":{"loc":{"start":{"line":22,"column":2},"end":{"line":22,"column":39}},"type":"if","locations":[{"start":{"line":22,"column":2},"end":{"line":22,"column":39}},{"start":{},"end":{}}],"line":22},"6":{"loc":{"start":{"line":26,"column":57},"end":{"line":26,"column":76}},"type":"default-arg","locations":[{"start":{"line":26,"column":67},"end":{"line":26,"column":76}}],"line":26}},"s":{"0":2,"1":4,"2":2,"3":7,"4":7,"5":1,"6":7,"7":2,"8":7,"9":2},"f":{"0":4,"1":7,"2":7},"b":{"0":[2],"1":[2],"2":[0],"3":[1],"4":[5],"5":[1,6],"6":[7]},"_coverageSchema":"1a1c01bbd47fc00a2c39e90264f33305004495a9","hash":"485a0ce0abc045c832e6c26055ef428be8402dc4"}
}
