TN:
SF:src\authMiddleware.js
FN:11,(anonymous_0)
FN:18,(anonymous_1)
FN:18,(anonymous_2)
FN:44,(anonymous_3)
FN:44,(anonymous_4)
FN:56,(anonymous_5)
FN:61,(anonymous_6)
FNF:7
FNH:7
FNDA:8,(anonymous_0)
FNDA:8,(anonymous_1)
FNDA:8,(anonymous_2)
FNDA:8,(anonymous_3)
FNDA:8,(anonymous_4)
FNDA:23,(anonymous_5)
FNDA:18,(anonymous_6)
DA:7,2
DA:9,2
DA:11,2
DA:12,8
DA:18,8
DA:19,8
DA:20,8
DA:21,8
DA:23,8
DA:25,7
DA:26,4
DA:31,4
DA:33,2
DA:34,2
DA:36,3
DA:37,2
DA:44,8
DA:45,8
DA:46,7
DA:47,1
DA:49,6
DA:55,2
DA:56,23
DA:61,2
DA:62,18
DA:63,16
DA:66,2
LF:27
LH:27
BRDA:9,0,0,2
BRDA:9,0,1,2
BRDA:21,1,0,8
BRDA:21,1,1,7
BRDA:23,2,0,1
BRDA:23,2,1,7
BRDA:31,3,0,2
BRDA:31,3,1,2
BRDA:31,4,0,4
BRDA:31,4,1,3
BRDA:36,5,0,1
BRDA:36,5,1,2
BRDA:45,6,0,1
BRDA:45,6,1,7
BRDA:46,7,0,1
BRDA:46,7,1,6
BRDA:62,8,0,2
BRDA:62,8,1,16
BRDA:62,9,0,18
BRDA:62,9,1,17
BRDA:63,10,0,16
BRDA:63,10,1,16
BRDA:63,10,2,13
BRF:23
BRH:23
end_of_record
TN:
SF:src\authService.js
FN:17,(anonymous_0)
FN:34,(anonymous_1)
FN:41,(anonymous_2)
FN:48,(anonymous_3)
FN:55,(anonymous_4)
FN:63,(anonymous_5)
FN:71,(anonymous_6)
FN:100,(anonymous_7)
FN:107,(anonymous_8)
FNF:9
FNH:8
FNDA:10,(anonymous_0)
FNDA:0,(anonymous_1)
FNDA:5,(anonymous_2)
FNDA:2,(anonymous_3)
FNDA:5,(anonymous_4)
FNDA:5,(anonymous_5)
FNDA:7,(anonymous_6)
FNDA:2,(anonymous_7)
FNDA:4,(anonymous_8)
DA:8,2
DA:9,2
DA:11,2
DA:12,2
DA:17,2
DA:18,10
DA:23,10
DA:28,10
DA:34,2
DA:35,0
DA:41,2
DA:42,5
DA:48,2
DA:49,2
DA:55,2
DA:56,5
DA:57,5
DA:63,2
DA:64,5
DA:65,2
DA:71,2
DA:72,7
DA:80,7
DA:82,5
DA:83,5
DA:85,4
DA:87,4
DA:88,4
DA:90,4
DA:91,4
DA:93,4
DA:94,4
DA:100,2
DA:101,2
DA:107,2
DA:108,4
DA:109,4
DA:110,4
DA:111,2
DA:112,2
DA:115,2
LF:41
LH:40
BRDA:11,0,0,2
BRDA:11,0,1,2
BRDA:12,1,0,2
BRDA:12,1,1,2
BRDA:64,2,0,3
BRDA:64,2,1,2
BRDA:64,3,0,5
BRDA:64,3,1,3
BRDA:80,4,0,2
BRDA:80,4,1,5
BRDA:83,5,0,1
BRDA:83,5,1,4
BRDA:110,6,0,2
BRDA:110,6,1,2
BRF:14
BRH:14
end_of_record
TN:
SF:src\response.js
FN:7,(anonymous_0)
FN:16,(anonymous_1)
FN:26,(anonymous_2)
FNF:3
FNH:3
FNDA:4,(anonymous_0)
FNDA:7,(anonymous_1)
FNDA:7,(anonymous_2)
DA:7,2
DA:8,4
DA:16,2
DA:17,7
DA:22,7
DA:23,7
DA:26,2
DA:27,7
DA:41,2
LF:9
LH:9
BRDA:7,0,0,2
BRDA:7,1,0,2
BRDA:16,2,0,0
BRDA:16,3,0,1
BRDA:16,4,0,5
BRDA:22,5,0,1
BRDA:22,5,1,6
BRDA:26,6,0,7
BRF:8
BRH:7
end_of_record
